geocode_checkpoint=25/706
geocode_checkpoint=50/706
geocode_checkpoint=75/706
geocode_checkpoint=100/706
geocode_checkpoint=125/706
geocode_checkpoint=150/706
geocode_checkpoint=175/706
geocode_checkpoint=200/706
geocode_checkpoint=225/706
geocode_checkpoint=250/706
geocode_checkpoint=275/706
geocode_checkpoint=300/706
geocode_checkpoint=325/706
geocode_checkpoint=350/706
geocode_checkpoint=375/706
geocode_checkpoint=400/706
geocode_checkpoint=425/706
geocode_checkpoint=450/706
geocode_checkpoint=475/706
geocode_checkpoint=500/706
geocode_checkpoint=525/706
geocode_checkpoint=550/706
geocode_checkpoint=575/706
geocode_checkpoint=600/706
geocode_checkpoint=625/706
geocode_checkpoint=650/706
geocode_checkpoint=675/706
geocode_checkpoint=700/706
geocoded_output=C:\Users\Admin\Documents\π‚∑¸∏≤∏«¬  2\satellite_experiment\full_shanghai_dataset\data\shanghai_geocoded.csv
geocode_rows=706
geocode_ok=694
image_checkpoint=25/706
image_checkpoint=50/706
image_checkpoint=75/706
image_checkpoint=100/706
image_checkpoint=125/706
image_checkpoint=150/706
image_checkpoint=175/706
image_checkpoint=200/706
image_checkpoint=225/706
image_checkpoint=250/706
image_checkpoint=275/706
image_checkpoint=300/706
image_checkpoint=325/706
image_checkpoint=350/706
image_checkpoint=375/706
image_checkpoint=400/706
image_checkpoint=425/706
image_checkpoint=450/706
image_checkpoint=475/706
image_checkpoint=500/706
image_checkpoint=525/706
image_checkpoint=550/706
image_checkpoint=575/706
image_checkpoint=600/706
image_checkpoint=625/706
image_checkpoint=650/706
image_checkpoint=675/706
image_checkpoint=700/706
imagery_index=C:\Users\Admin\Documents\π‚∑¸∏≤∏«¬  2\satellite_experiment\full_shanghai_dataset\data\shanghai_imagery_index.csv
image_rows=706
image_ok=687
